<?xml version="1.0" encoding="UTF-8"?>
<testng-results ignored="0" total="1" passed="1" failed="0" skipped="0">
  <reporter-output>
  </reporter-output>
  <suite started-at="2024-12-18T15:48:49 GMT" name="Default suite" finished-at="2024-12-18T15:49:53 GMT" duration-ms="63998">
    <groups>
    </groups>
    <test started-at="2024-12-18T15:48:49 GMT" name="Default test" finished-at="2024-12-18T15:49:53 GMT" duration-ms="63998">
      <class name="com.easymytrip.tests.BusTicketTest">
        <test-method is-config="true" signature="openBrowser()[pri:0, instance:com.easymytrip.tests.BusTicketTest@71ba6d4e]" started-at="2024-12-18T15:48:35 GMT" name="openBrowser" finished-at="2024-12-18T15:48:49 GMT" duration-ms="13861" status="PASS">
          <reporter-output>
          </reporter-output>
        </test-method> <!-- openBrowser -->
        <test-method signature="BusTicketTest()[pri:0, instance:com.easymytrip.tests.BusTicketTest@71ba6d4e]" started-at="2024-12-18T15:48:49 GMT" name="BusTicketTest" finished-at="2024-12-18T15:49:53 GMT" duration-ms="63906" status="PASS">
          <reporter-output>
          </reporter-output>
        </test-method> <!-- BusTicketTest -->
        <test-method is-config="true" signature="closeBrowser()[pri:0, instance:com.easymytrip.tests.BusTicketTest@71ba6d4e]" started-at="2024-12-18T15:49:54 GMT" name="closeBrowser" finished-at="2024-12-18T15:49:55 GMT" duration-ms="1731" status="PASS">
          <reporter-output>
          </reporter-output>
        </test-method> <!-- closeBrowser -->
      </class> <!-- com.easymytrip.tests.BusTicketTest -->
    </test> <!-- Default test -->
  </suite> <!-- Default suite -->
</testng-results>
